<?xml version="1.0" encoding="UTF-8"?>
<!-- Generated by org.testng.reporters.JUnitXMLReporter -->
<testsuite ignored="7" hostname="LAPTOP-R07U5B31" failures="0" tests="2" name="Default test" time="10.333" errors="0" timestamp="2023-06-10T05:19:46 GST">
  <testcase classname="seleniumcommands.DemoWebShop" name="verifyLoginWithValidDataFromDataProvider" time="3.378"/>
  <testcase classname="seleniumcommands.DemoWebShop" name="verifyLoginWithValidDataFromDataProvider" time="3.098"/>
  <testcase classname="seleniumcommands.DemoWebShop" name="TC_001_verifyObsquraTitle" time="0.0">
    <ignored/>
  </testcase> <!-- TC_001_verifyObsquraTitle -->
  <testcase classname="seleniumcommands.DemoWebShop" name="verifyRegistrationPagefromExcelSheet" time="0.0">
    <ignored/>
  </testcase> <!-- verifyRegistrationPagefromExcelSheet -->
  <testcase classname="seleniumcommands.DemoWebShop" name="TC_003_verifyRegistration" time="0.0">
    <ignored/>
  </testcase> <!-- TC_003_verifyRegistration -->
  <testcase classname="seleniumcommands.DemoWebShop" name="verifyLoginWithInvalidData" time="0.0">
    <ignored/>
  </testcase> <!-- verifyLoginWithInvalidData -->
  <testcase classname="seleniumcommands.DemoWebShop" name="TC_002_verifyLogin" time="0.0">
    <ignored/>
  </testcase> <!-- TC_002_verifyLogin -->
  <testcase classname="seleniumcommands.DemoWebShop" name="verifyRegistrationUsingRandomGenerator" time="0.0">
    <ignored/>
  </testcase> <!-- verifyRegistrationUsingRandomGenerator -->
  <testcase classname="seleniumcommands.DemoWebShop" name="verifyTitleFromExcelSheet" time="0.0">
    <ignored/>
  </testcase> <!-- verifyTitleFromExcelSheet -->
</testsuite> <!-- Default test -->
