<?xml version="1.0" encoding="UTF-8"?>
<testng-results ignored="7" total="9" passed="2" failed="0" skipped="0">
  <reporter-output>
  </reporter-output>
  <suite started-at="2023-06-10T05:19:35 GST" name="Default suite" finished-at="2023-06-10T05:19:46 GST" duration-ms="10333">
    <groups>
    </groups>
    <test started-at="2023-06-10T05:19:35 GST" name="Default test" finished-at="2023-06-10T05:19:46 GST" duration-ms="10333">
      <class name="seleniumcommands.DemoWebShop">
        <test-method is-config="true" signature="setUp()[pri:0, instance:seleniumcommands.DemoWebShop@4d154ccd]" started-at="2023-06-10T05:19:35 GST" name="setUp" finished-at="2023-06-10T05:19:38 GST" duration-ms="2813" status="PASS">
          <reporter-output>
          </reporter-output>
        </test-method> <!-- setUp -->
        <test-method signature="verifyLoginWithValidDataFromDataProvider(java.lang.String,java.lang.String)[pri:0, instance:seleniumcommands.DemoWebShop@4d154ccd]" started-at="2023-06-10T05:19:38 GST" name="verifyLoginWithValidDataFromDataProvider" data-provider="ValidLoginCredential" finished-at="2023-06-10T05:19:41 GST" duration-ms="3378" status="PASS">
          <params>
            <param index="0">
              <value>
                <![CDATA[davis12345@gmail.com]]>
              </value>
            </param>
            <param index="1">
              <value>
                <![CDATA[123456]]>
              </value>
            </param>
          </params>
          <reporter-output>
          </reporter-output>
        </test-method> <!-- verifyLoginWithValidDataFromDataProvider -->
        <test-method is-config="true" signature="tearDown(org.testng.ITestResult)[pri:0, instance:seleniumcommands.DemoWebShop@4d154ccd]" started-at="2023-06-10T05:19:41 GST" name="tearDown" finished-at="2023-06-10T05:19:41 GST" duration-ms="1" status="PASS">
          <params>
            <param index="0">
              <value>
                <![CDATA[[TestResult name=verifyLoginWithValidDataFromDataProvider status=SUCCESS method=DemoWebShop.verifyLoginWithValidDataFromDataProvider(java.lang.String,java.lang.String)[pri:0, instance:seleniumcommands.DemoWebShop@4d154ccd] output={null}]]]>
              </value>
            </param>
          </params>
          <reporter-output>
          </reporter-output>
        </test-method> <!-- tearDown -->
        <test-method is-config="true" signature="setUp()[pri:0, instance:seleniumcommands.DemoWebShop@4d154ccd]" started-at="2023-06-10T05:19:41 GST" name="setUp" finished-at="2023-06-10T05:19:42 GST" duration-ms="994" status="PASS">
          <reporter-output>
          </reporter-output>
        </test-method> <!-- setUp -->
        <test-method signature="verifyLoginWithValidDataFromDataProvider(java.lang.String,java.lang.String)[pri:0, instance:seleniumcommands.DemoWebShop@4d154ccd]" started-at="2023-06-10T05:19:42 GST" name="verifyLoginWithValidDataFromDataProvider" data-provider="ValidLoginCredential" finished-at="2023-06-10T05:19:46 GST" duration-ms="3098" status="PASS">
          <params>
            <param index="0">
              <value>
                <![CDATA[aalbin123@gmail.com]]>
              </value>
            </param>
            <param index="1">
              <value>
                <![CDATA[123456]]>
              </value>
            </param>
          </params>
          <reporter-output>
          </reporter-output>
        </test-method> <!-- verifyLoginWithValidDataFromDataProvider -->
        <test-method is-config="true" signature="tearDown(org.testng.ITestResult)[pri:0, instance:seleniumcommands.DemoWebShop@4d154ccd]" started-at="2023-06-10T05:19:46 GST" name="tearDown" finished-at="2023-06-10T05:19:46 GST" duration-ms="0" status="PASS">
          <params>
            <param index="0">
              <value>
                <![CDATA[[TestResult name=verifyLoginWithValidDataFromDataProvider status=SUCCESS method=DemoWebShop.verifyLoginWithValidDataFromDataProvider(java.lang.String,java.lang.String)[pri:0, instance:seleniumcommands.DemoWebShop@4d154ccd] output={null}]]]>
              </value>
            </param>
          </params>
          <reporter-output>
          </reporter-output>
        </test-method> <!-- tearDown -->
      </class> <!-- seleniumcommands.DemoWebShop -->
    </test> <!-- Default test -->
  </suite> <!-- Default suite -->
</testng-results>
